<?xml version="1.0" encoding="UTF-8"?>
<!-- Generated by org.testng.reporters.JUnitReportReporter -->
<testsuite hostname="MT-DMB9WZ2" failures="0" tests="1" name="runner.Base" time="9.630" errors="0" timestamp="29 Jul 2022 12:37:50 GMT" skipped="0">
  <testcase classname="runner.Base" name="registerTest" time="9.630"/>
</testsuite> <!-- runner.Base -->
