<?xml version="1.0" encoding="UTF-8"?>
<!-- Generated by org.testng.reporters.JUnitReportReporter -->
<testsuite hostname="MT-DMB9WZ2" failures="0" tests="10" name="stepDefintions.TideStepDefinitions" time="107.015" errors="0" timestamp="28 Jul 2022 12:57:41 GMT" skipped="0">
  <testcase classname="stepDefintions.TideStepDefinitions" name="registerTest" time="11.193"/>
  <testcase classname="stepDefintions.TideStepDefinitions" name="searchTest" time="5.918"/>
  <testcase classname="stepDefintions.TideStepDefinitions" name="shopPTest" time="11.286"/>
  <testcase classname="stepDefintions.TideStepDefinitions" name="stainTest" time="0.406"/>
  <testcase classname="stepDefintions.TideStepDefinitions" name="contactTest" time="3.230"/>
  <testcase classname="stepDefintions.TideStepDefinitions" name="loginTest" time="6.834"/>
  <testcase classname="stepDefintions.TideStepDefinitions" name="slidesTest" time="19.066"/>
  <testcase classname="stepDefintions.TideStepDefinitions" name="reviewTest" time="4.984"/>
  <testcase classname="stepDefintions.TideStepDefinitions" name="footerTest" time="1.918"/>
  <testcase classname="stepDefintions.TideStepDefinitions" name="brandsTest" time="42.180"/>
</testsuite> <!-- stepDefintions.TideStepDefinitions -->
